Engine-Match 2016年12月18日 13:00:53
 Tournament Game in 10 Minutes 

Pairing 1/1 :    Sophy  -  Nejmet 3.07

PGN-File: C:\Program Files (x86)\Arena\Arena.pgn

No:  B/W 1/2     W:B       1:2           Time        Value Moves Dep 1:2       1-2-Draws
   1 * *     0.0:0.0        0.0:0.0       15:15:01    -1.82    12 8.833 :11.667  0-0-0

--------------------------------------------------------------

Engine-Match 2016年12月18日 23:24:37
 Tournament Game in 3 Minutes 

Pairing 1/1 :    Sophy  -  Ruffian 1.0.5

PGN-File: C:\Program Files (x86)\Arena\Arena.pgn

No:  B/W 1/2     W:B       1:2           Time        Value Moves Dep 1:2       1-2-Draws

--------------------------------------------------------------

Engine-Match 2016年12月24日 12:54:41
 Tournament Game in 10 Minutes 

Pairing 1/1 :    Sophy  -  Ruffian 1.0.5

PGN-File: C:\Program Files (x86)\Arena\Arena.pgn

No:  B/W 1/2     W:B       1:2           Time        Value Moves Dep 1:2       1-2-Draws

--------------------------------------------------------------

Engine-Match 2016年12月25日 18:20:27
 Tournament Game in 10 Minutes 

Pairing 1/1 :    Sophy  -  Ruffian 1.0.5

PGN-File: C:\Program Files (x86)\Arena\Arena.pgn

No:  B/W 1/2     W:B       1:2           Time        Value Moves Dep 1:2       1-2-Draws
