Configuring MonadRandom-0.4.2.3...
Building MonadRandom-0.4.2.3...
Preprocessing library MonadRandom-0.4.2.3...
[1 of 2] Compiling Control.Monad.Random.Class ( Control\Monad\Random\Class.hs, .stack-work\dist\b7fec021\build\Control\Monad\Random\Class.o )
[2 of 2] Compiling Control.Monad.Random ( Control\Monad\Random.hs, .stack-work\dist\b7fec021\build\Control\Monad\Random.o )

Control\Monad\Random.hs:54:1: warning: [-Wdeprecations]
    Module `Control.Monad.Error' is deprecated:
      Use Control.Monad.Except instead

Control\Monad\Random.hs:206:11: warning: [-Wdeprecations]
    In the use of type constructor or class `Error'
    (imported from Control.Monad.Error, but defined in Control.Monad.Trans.Error):
    Deprecated: "Use Control.Monad.Trans.Except instead"

Control\Monad\Random.hs:206:51: warning: [-Wdeprecations]
    In the use of type constructor or class `ErrorT'
    (imported from Control.Monad.Error, but defined in Control.Monad.Trans.Error):
    Deprecated: "Use Control.Monad.Trans.Except instead"

Control\Monad\Random.hs:251:11: warning: [-Wdeprecations]
    In the use of type constructor or class `Error'
    (imported from Control.Monad.Error, but defined in Control.Monad.Trans.Error):
    Deprecated: "Use Control.Monad.Trans.Except instead"

Control\Monad\Random.hs:251:53: warning: [-Wdeprecations]
    In the use of type constructor or class `ErrorT'
    (imported from Control.Monad.Error, but defined in Control.Monad.Trans.Error):
    Deprecated: "Use Control.Monad.Trans.Except instead"
[1 of 2] Compiling Control.Monad.Random.Class ( Control\Monad\Random\Class.hs, .stack-work\dist\b7fec021\build\Control\Monad\Random\Class.p_o )
[2 of 2] Compiling Control.Monad.Random ( Control\Monad\Random.hs, .stack-work\dist\b7fec021\build\Control\Monad\Random.p_o )

Control\Monad\Random.hs:54:1: warning: [-Wdeprecations]
    Module `Control.Monad.Error' is deprecated:
      Use Control.Monad.Except instead

Control\Monad\Random.hs:206:11: warning: [-Wdeprecations]
    In the use of type constructor or class `Error'
    (imported from Control.Monad.Error, but defined in Control.Monad.Trans.Error):
    Deprecated: "Use Control.Monad.Trans.Except instead"

Control\Monad\Random.hs:206:51: warning: [-Wdeprecations]
    In the use of type constructor or class `ErrorT'
    (imported from Control.Monad.Error, but defined in Control.Monad.Trans.Error):
    Deprecated: "Use Control.Monad.Trans.Except instead"

Control\Monad\Random.hs:251:11: warning: [-Wdeprecations]
    In the use of type constructor or class `Error'
    (imported from Control.Monad.Error, but defined in Control.Monad.Trans.Error):
    Deprecated: "Use Control.Monad.Trans.Except instead"

Control\Monad\Random.hs:251:53: warning: [-Wdeprecations]
    In the use of type constructor or class `ErrorT'
    (imported from Control.Monad.Error, but defined in Control.Monad.Trans.Error):
    Deprecated: "Use Control.Monad.Trans.Except instead"
Installing library in
C:\Users\PCUser\AppData\Roaming\stack\snapshots\a2932497\lib\x86_64-windows-ghc-8.0.1\MonadRandom-0.4.2.3-8TfCm6PGvGYB7omozORhov
Registering MonadRandom-0.4.2.3...
