Configuring parsec3-1.0.1.8...
Building parsec3-1.0.1.8...
Preprocessing library parsec3-1.0.1.8...
[ 1 of 15] Compiling Text.Parsec.Pos  ( Text\Parsec\Pos.hs, .stack-work\dist\b7fec021\build\Text\Parsec\Pos.o )
[ 2 of 15] Compiling Text.Parsec.Error ( Text\Parsec\Error.hs, .stack-work\dist\b7fec021\build\Text\Parsec\Error.o )
[ 3 of 15] Compiling Text.Parsec.Prim ( Text\Parsec\Prim.hs, .stack-work\dist\b7fec021\build\Text\Parsec\Prim.o )
[ 4 of 15] Compiling Text.Parsec.Combinator ( Text\Parsec\Combinator.hs, .stack-work\dist\b7fec021\build\Text\Parsec\Combinator.o )
[ 5 of 15] Compiling Text.Parsec.String ( Text\Parsec\String.hs, .stack-work\dist\b7fec021\build\Text\Parsec\String.o )
[ 6 of 15] Compiling Text.Parsec.ByteString ( Text\Parsec\ByteString.hs, .stack-work\dist\b7fec021\build\Text\Parsec\ByteString.o )
[ 7 of 15] Compiling Text.Parsec.ByteString.Lazy ( Text\Parsec\ByteString\Lazy.hs, .stack-work\dist\b7fec021\build\Text\Parsec\ByteString\Lazy.o )
[ 8 of 15] Compiling Text.Parsec.Text ( Text\Parsec\Text.hs, .stack-work\dist\b7fec021\build\Text\Parsec\Text.o )
[ 9 of 15] Compiling Text.Parsec.Text.Lazy ( Text\Parsec\Text\Lazy.hs, .stack-work\dist\b7fec021\build\Text\Parsec\Text\Lazy.o )
[10 of 15] Compiling Text.Parsec.Expr ( Text\Parsec\Expr.hs, .stack-work\dist\b7fec021\build\Text\Parsec\Expr.o )
[11 of 15] Compiling Text.Parsec.Char ( Text\Parsec\Char.hs, .stack-work\dist\b7fec021\build\Text\Parsec\Char.o )
[12 of 15] Compiling Text.Parsec.Token ( Text\Parsec\Token.hs, .stack-work\dist\b7fec021\build\Text\Parsec\Token.o )
[13 of 15] Compiling Text.Parsec      ( Text\Parsec.hs, .stack-work\dist\b7fec021\build\Text\Parsec.o )
[14 of 15] Compiling Text.Parsec.Language ( Text\Parsec\Language.hs, .stack-work\dist\b7fec021\build\Text\Parsec\Language.o )
[15 of 15] Compiling Text.Parsec.Perm ( Text\Parsec\Perm.hs, .stack-work\dist\b7fec021\build\Text\Parsec\Perm.o )
Installing library in
C:\Users\PCUser\OneDrive\Haskell\Sophy\.stack-work\install\ef077761\lib\x86_64-windows-ghc-8.0.1\parsec3-1.0.1.8-1i5HRU8CeooCoFugPzBBHO
Registering parsec3-1.0.1.8...
